<?xml version="1.0" encoding="UTF-8" ?>
<testsuite tests="4" failures="1" name="se.nackademin.librarytest.SelenideTest" time="299.508" errors="0" skipped="0">
  <properties>
    <property name="java.runtime.name" value="Java(TM) SE Runtime Environment"/>
    <property name="sun.boot.library.path" value="/usr/lib/jvm/java-8-oracle/jre/lib/i386"/>
    <property name="java.vm.version" value="25.121-b13"/>
    <property name="java.vm.vendor" value="Oracle Corporation"/>
    <property name="java.vendor.url" value="http://java.oracle.com/"/>
    <property name="path.separator" value=":"/>
    <property name="guice.disable.misplaced.annotation.check" value="true"/>
    <property name="java.vm.name" value="Java HotSpot(TM) Client VM"/>
    <property name="file.encoding.pkg" value="sun.io"/>
    <property name="user.country" value="US"/>
    <property name="sun.java.launcher" value="SUN_STANDARD"/>
    <property name="sun.os.patch.level" value="unknown"/>
    <property name="test" value="se.nackademin.librarytest.SelenideTest"/>
    <property name="java.vm.specification.name" value="Java Virtual Machine Specification"/>
    <property name="user.dir" value="/home/jesper/git/librarytest/selenidetest"/>
    <property name="java.runtime.version" value="1.8.0_121-b13"/>
    <property name="java.awt.graphicsenv" value="sun.awt.X11GraphicsEnvironment"/>
    <property name="java.endorsed.dirs" value="/usr/lib/jvm/java-8-oracle/jre/lib/endorsed"/>
    <property name="os.arch" value="i386"/>
    <property name="java.io.tmpdir" value="/tmp"/>
    <property name="line.separator" value="
"/>
    <property name="java.vm.specification.vendor" value="Oracle Corporation"/>
    <property name="os.name" value="Linux"/>
    <property name="maven.ext.class.path" value="/home/jesper/netbeans-8.2/java/maven-nblib/netbeans-eventspy.jar"/>
    <property name="classworlds.conf" value="/usr/share/maven/bin/m2.conf"/>
    <property name="sun.jnu.encoding" value="UTF-8"/>
    <property name="java.library.path" value="/usr/lib/jvm/java-8-oracle/jre/lib/amd64:/usr/lib/jvm/java-8-oracle/jre/lib/i386::/usr/java/packages/lib/i386:/lib:/usr/lib"/>
    <property name="java.specification.name" value="Java Platform API Specification"/>
    <property name="java.class.version" value="52.0"/>
    <property name="sun.management.compiler" value="HotSpot Client Compiler"/>
    <property name="os.version" value="4.4.0-31-generic"/>
    <property name="user.home" value="/home/jesper"/>
    <property name="user.timezone" value="Europe/Stockholm"/>
    <property name="java.awt.printerjob" value="sun.print.PSPrinterJob"/>
    <property name="java.specification.version" value="1.8"/>
    <property name="file.encoding" value="UTF-8"/>
    <property name="user.name" value="jesper"/>
    <property name="java.class.path" value="/usr/share/maven/boot/plexus-classworlds-2.x.jar"/>
    <property name="java.vm.specification.version" value="1.8"/>
    <property name="sun.arch.data.model" value="32"/>
    <property name="java.home" value="/usr/lib/jvm/java-8-oracle/jre"/>
    <property name="sun.java.command" value="org.codehaus.plexus.classworlds.launcher.Launcher -Dtest=se.nackademin.librarytest.SelenideTest -Dmaven.ext.class.path=/home/jesper/netbeans-8.2/java/maven-nblib/netbeans-eventspy.jar surefire:test"/>
    <property name="java.specification.vendor" value="Oracle Corporation"/>
    <property name="user.language" value="en"/>
    <property name="awt.toolkit" value="sun.awt.X11.XToolkit"/>
    <property name="java.vm.info" value="mixed mode"/>
    <property name="java.version" value="1.8.0_121"/>
    <property name="java.ext.dirs" value="/usr/lib/jvm/java-8-oracle/jre/lib/ext:/usr/java/packages/lib/ext"/>
    <property name="securerandom.source" value="file:/dev/./urandom"/>
    <property name="sun.boot.class.path" value="/usr/lib/jvm/java-8-oracle/jre/lib/resources.jar:/usr/lib/jvm/java-8-oracle/jre/lib/rt.jar:/usr/lib/jvm/java-8-oracle/jre/lib/sunrsasign.jar:/usr/lib/jvm/java-8-oracle/jre/lib/jsse.jar:/usr/lib/jvm/java-8-oracle/jre/lib/jce.jar:/usr/lib/jvm/java-8-oracle/jre/lib/charsets.jar:/usr/lib/jvm/java-8-oracle/jre/lib/jfr.jar:/usr/lib/jvm/java-8-oracle/jre/classes"/>
    <property name="java.vendor" value="Oracle Corporation"/>
    <property name="maven.home" value="/usr/share/maven"/>
    <property name="file.separator" value="/"/>
    <property name="java.vendor.url.bug" value="http://bugreport.sun.com/bugreport/"/>
    <property name="sun.cpu.endian" value="little"/>
    <property name="sun.io.unicode.encoding" value="UnicodeLittle"/>
    <property name="sun.desktop" value="gnome"/>
    <property name="sun.cpu.isalist" value=""/>
  </properties>
  <testcase classname="se.nackademin.librarytest.SelenideTest" name="borrowAndReturnBookTest" time="89.797"/>
  <testcase classname="se.nackademin.librarytest.SelenideTest" name="createNewBookTest" time="85.456">
    <failure message="Element not found {.v-grid-tablewrapper}
Expected: exist" type="Element not found {.v-grid-tablewrapper}
Expected">Element not found {.v-grid-tablewrapper}
Expected: exist
Screenshot: file:/home/jesper/git/librarytest/selenidetest/build/reports/tests/1496227834023.2.png
Timeout: 4 s.
Caused by: NoSuchElementException: no such element: Unable to locate element: {&quot;method&quot;:&quot;css selector&quot;,&quot;selector&quot;:&quot;.v-grid-tablewrapper&quot;}
	at com.codeborne.selenide.impl.WebElementSource.createElementNotFoundError(WebElementSource.java:31)
	at com.codeborne.selenide.impl.ElementFinder.createElementNotFoundError(ElementFinder.java:82)
	at com.codeborne.selenide.impl.WebElementSource.checkCondition(WebElementSource.java:59)
	at com.codeborne.selenide.commands.Should.should(Should.java:35)
	at com.codeborne.selenide.commands.Should.execute(Should.java:29)
	at com.codeborne.selenide.commands.Should.execute(Should.java:12)
	at com.codeborne.selenide.commands.Commands.execute(Commands.java:136)
	at com.codeborne.selenide.impl.SelenideElementProxy.dispatchAndRetry(SelenideElementProxy.java:82)
	at com.codeborne.selenide.impl.SelenideElementProxy.invoke(SelenideElementProxy.java:58)
	at com.sun.proxy.$Proxy7.should(Unknown Source)
	at com.codeborne.selenide.impl.ElementFinder.createElementNotFoundError(ElementFinder.java:76)
	at com.codeborne.selenide.impl.WebElementSource.checkCondition(WebElementSource.java:59)
	at com.codeborne.selenide.commands.Should.should(Should.java:35)
	at com.codeborne.selenide.commands.Should.execute(Should.java:29)
	at com.codeborne.selenide.commands.Should.execute(Should.java:12)
	at com.codeborne.selenide.commands.Commands.execute(Commands.java:136)
	at com.codeborne.selenide.impl.SelenideElementProxy.dispatchAndRetry(SelenideElementProxy.java:82)
	at com.codeborne.selenide.impl.SelenideElementProxy.invoke(SelenideElementProxy.java:58)
	at com.sun.proxy.$Proxy7.should(Unknown Source)
	at com.codeborne.selenide.impl.ElementFinder.createElementNotFoundError(ElementFinder.java:76)
	at com.codeborne.selenide.impl.SelenideElementProxy.dispatchAndRetry(SelenideElementProxy.java:107)
	at com.codeborne.selenide.impl.SelenideElementProxy.invoke(SelenideElementProxy.java:58)
	at com.sun.proxy.$Proxy7.getText(Unknown Source)
	at se.nackademin.librarytest.helpers.Table.getCellValue(Table.java:28)
	at se.nackademin.librarytest.helpers.BookHelper.confirmBookExist(BookHelper.java:146)
	at se.nackademin.librarytest.SelenideTest.createNewBookTest(SelenideTest.java:51)
	at sun.reflect.NativeMethodAccessorImpl.invoke0(Native Method)
	at sun.reflect.NativeMethodAccessorImpl.invoke(NativeMethodAccessorImpl.java:62)
	at sun.reflect.DelegatingMethodAccessorImpl.invoke(DelegatingMethodAccessorImpl.java:43)
	at java.lang.reflect.Method.invoke(Method.java:498)
	at org.junit.runners.model.FrameworkMethod$1.runReflectiveCall(FrameworkMethod.java:50)
	at org.junit.internal.runners.model.ReflectiveCallable.run(ReflectiveCallable.java:12)
	at org.junit.runners.model.FrameworkMethod.invokeExplosively(FrameworkMethod.java:47)
	at org.junit.internal.runners.statements.InvokeMethod.evaluate(InvokeMethod.java:17)
	at org.junit.internal.runners.statements.RunBefores.evaluate(RunBefores.java:26)
	at org.junit.internal.runners.statements.RunAfters.evaluate(RunAfters.java:27)
	at org.junit.runners.ParentRunner.runLeaf(ParentRunner.java:325)
	at org.junit.runners.BlockJUnit4ClassRunner.runChild(BlockJUnit4ClassRunner.java:78)
	at org.junit.runners.BlockJUnit4ClassRunner.runChild(BlockJUnit4ClassRunner.java:57)
	at org.junit.runners.ParentRunner$3.run(ParentRunner.java:290)
	at org.junit.runners.ParentRunner$1.schedule(ParentRunner.java:71)
	at org.junit.runners.ParentRunner.runChildren(ParentRunner.java:288)
	at org.junit.runners.ParentRunner.access$000(ParentRunner.java:58)
	at org.junit.runners.ParentRunner$2.evaluate(ParentRunner.java:268)
	at org.junit.runners.ParentRunner.run(ParentRunner.java:363)
	at org.apache.maven.surefire.junit4.JUnit4TestSet.execute(JUnit4TestSet.java:53)
	at org.apache.maven.surefire.junit4.JUnit4Provider.executeTestSet(JUnit4Provider.java:123)
	at org.apache.maven.surefire.junit4.JUnit4Provider.invoke(JUnit4Provider.java:104)
	at sun.reflect.NativeMethodAccessorImpl.invoke0(Native Method)
	at sun.reflect.NativeMethodAccessorImpl.invoke(NativeMethodAccessorImpl.java:62)
	at sun.reflect.DelegatingMethodAccessorImpl.invoke(DelegatingMethodAccessorImpl.java:43)
	at java.lang.reflect.Method.invoke(Method.java:498)
	at org.apache.maven.surefire.util.ReflectionUtils.invokeMethodWithArray(ReflectionUtils.java:164)
	at org.apache.maven.surefire.booter.ProviderFactory$ProviderProxy.invoke(ProviderFactory.java:110)
	at org.apache.maven.surefire.booter.SurefireStarter.invokeProvider(SurefireStarter.java:175)
	at org.apache.maven.surefire.booter.SurefireStarter.runSuitesInProcessWhenForked(SurefireStarter.java:107)
	at org.apache.maven.surefire.booter.ForkedBooter.main(ForkedBooter.java:68)
Caused by: org.openqa.selenium.NoSuchElementException: no such element: Unable to locate element: {&quot;method&quot;:&quot;css selector&quot;,&quot;selector&quot;:&quot;.v-grid-tablewrapper&quot;}
  (Session info: chrome=58.0.3029.81)
  (Driver info: chromedriver=2.29.461599 (8cfe70b3bca63aec509c39bf48c384e7eba3372b),platform=Linux 4.4.0-31-generic x86) (WARNING: The server did not provide any stacktrace information)
Command duration or timeout: 27 milliseconds
For documentation on this error, please visit: http://seleniumhq.org/exceptions/no_such_element.html
Build info: version: &apos;2.53.0&apos;, revision: &apos;35ae25b1534ae328c771e0856c93e187490ca824&apos;, time: &apos;2016-03-15 10:43:46&apos;
System info: host: &apos;jesper-VirtualBox&apos;, ip: &apos;127.0.1.1&apos;, os.name: &apos;Linux&apos;, os.arch: &apos;i386&apos;, os.version: &apos;4.4.0-31-generic&apos;, java.version: &apos;1.8.0_121&apos;
Driver info: org.openqa.selenium.chrome.ChromeDriver
Capabilities [{applicationCacheEnabled=false, rotatable=false, mobileEmulationEnabled=false, networkConnectionEnabled=false, chrome={chromedriverVersion=2.29.461599 (8cfe70b3bca63aec509c39bf48c384e7eba3372b), userDataDir=/tmp/.org.chromium.Chromium.JAx7zK}, takesHeapSnapshot=true, pageLoadStrategy=none, databaseEnabled=false, handlesAlerts=true, hasTouchScreen=false, version=58.0.3029.81, platform=LINUX, browserConnectionEnabled=false, nativeEvents=true, acceptSslCerts=true, locationContextEnabled=true, webStorageEnabled=true, browserName=chrome, takesScreenshot=true, javascriptEnabled=true, cssSelectorsEnabled=true, unexpectedAlertBehaviour=}]
Session ID: 26054418c96e6baccded8c2348660400
*** Element info: {Using=css selector, value=.v-grid-tablewrapper}
	at sun.reflect.GeneratedConstructorAccessor11.newInstance(Unknown Source)
	at sun.reflect.DelegatingConstructorAccessorImpl.newInstance(DelegatingConstructorAccessorImpl.java:45)
	at java.lang.reflect.Constructor.newInstance(Constructor.java:423)
	at org.openqa.selenium.remote.ErrorHandler.createThrowable(ErrorHandler.java:206)
	at org.openqa.selenium.remote.ErrorHandler.throwIfResponseFailed(ErrorHandler.java:158)
	at org.openqa.selenium.remote.RemoteWebDriver.execute(RemoteWebDriver.java:678)
	at org.openqa.selenium.remote.RemoteWebDriver.findElement(RemoteWebDriver.java:363)
	at org.openqa.selenium.remote.RemoteWebDriver.findElementByCssSelector(RemoteWebDriver.java:492)
	at org.openqa.selenium.By$ByCssSelector.findElement(By.java:430)
	at org.openqa.selenium.remote.RemoteWebDriver.findElement(RemoteWebDriver.java:355)
	at com.codeborne.selenide.impl.WebElementSelector.findElement(WebElementSelector.java:28)
	at com.codeborne.selenide.impl.ElementFinder.getWebElement(ElementFinder.java:56)
	at com.codeborne.selenide.impl.WebElementSource.checkCondition(WebElementSource.java:44)
	... 54 more
</failure>
    <system-err>May 31, 2017 12:49:08 PM se.nackademin.librarytest.pages.PageBase clickButton
INFO: Clicking sign in
May 31, 2017 12:49:10 PM se.nackademin.librarytest.pages.PageBase setTextFieldValue
INFO: Setting user field  to admin
May 31, 2017 12:49:11 PM se.nackademin.librarytest.pages.PageBase setTextFieldValue
INFO: Setting password field  to 1234567890
May 31, 2017 12:49:13 PM se.nackademin.librarytest.pages.PageBase clickButton
INFO: Clicking login
May 31, 2017 12:49:14 PM se.nackademin.librarytest.pages.PageBase clickButton
INFO: Clicking add book
May 31, 2017 12:49:16 PM se.nackademin.librarytest.pages.PageBase setTextFieldValue
INFO: Setting title to d81440c9-32f0-4138-86ae-abd0172acc02
May 31, 2017 12:49:18 PM se.nackademin.librarytest.pages.PageBase setTextFieldValue
INFO: Setting description to 6eb3d32d-0738-4a21-a009-25dc9f533568
May 31, 2017 12:49:19 PM se.nackademin.librarytest.pages.PageBase setTextFieldValue
INFO: Setting numberOfPagesField to 500
May 31, 2017 12:49:20 PM se.nackademin.librarytest.pages.PageBase setTextFieldValue
INFO: Setting isbn to 0-575-01587-X
May 31, 2017 12:49:22 PM se.nackademin.librarytest.pages.PageBase setTextFieldValue
INFO: Setting numberInInventoryField to 55
May 31, 2017 12:49:23 PM se.nackademin.librarytest.pages.PageBase setTextFieldValue
INFO: Setting datePublished to 1999-10-15
May 31, 2017 12:49:25 PM se.nackademin.librarytest.pages.PageBase clickButton
INFO: Clicking add book button
May 31, 2017 12:49:27 PM se.nackademin.librarytest.pages.PageBase clickButton
INFO: Clicking browse books
May 31, 2017 12:49:28 PM se.nackademin.librarytest.pages.PageBase setTextFieldValue
INFO: Setting title to d81440c9-32f0-4138-86ae-abd0172acc02
May 31, 2017 12:49:30 PM se.nackademin.librarytest.pages.PageBase clickButton
INFO: Clicking search book button
May 31, 2017 12:49:33 PM se.nackademin.librarytest.pages.PageBase getValue
INFO: Return title: d81440c9-32f0-4138-86ae-abd0172acc02
May 31, 2017 12:49:34 PM se.nackademin.librarytest.pages.PageBase getValue
INFO: Return author: Robert A. Heinlein
May 31, 2017 12:49:35 PM se.nackademin.librarytest.pages.PageBase getValue
INFO: Return description: 6eb3d32d-0738-4a21-a009-25dc9f533568
May 31, 2017 12:49:37 PM se.nackademin.librarytest.pages.PageBase getValue
INFO: Return isbn: 0-575-01587-X
May 31, 2017 12:49:38 PM se.nackademin.librarytest.pages.PageBase getValue
INFO: Return published date: 1999-10-15
May 31, 2017 12:49:39 PM se.nackademin.librarytest.pages.PageBase getValue
INFO: Return copies availible: 55
May 31, 2017 12:49:40 PM se.nackademin.librarytest.pages.PageBase getValue
INFO: Return total copies availible: 55
May 31, 2017 12:49:41 PM se.nackademin.librarytest.pages.PageBase clickButton
INFO: Clicking browse books
May 31, 2017 12:49:42 PM se.nackademin.librarytest.pages.PageBase setTextFieldValue
INFO: Setting title to d81440c9-32f0-4138-86ae-abd0172acc02
May 31, 2017 12:49:44 PM se.nackademin.librarytest.pages.PageBase clickButton
INFO: Clicking search book button
May 31, 2017 12:49:46 PM se.nackademin.librarytest.pages.PageBase clickButton
INFO: Clicking edit book
May 31, 2017 12:49:49 PM se.nackademin.librarytest.pages.PageBase setTextFieldValue
INFO: Setting title to 6b67ca0e-239c-4168-aefd-059676898417
May 31, 2017 12:49:51 PM se.nackademin.librarytest.pages.PageBase setTextFieldValue
INFO: Setting description to 9ec5e90b-f2d5-4cb0-8e6a-0566b84106f0
May 31, 2017 12:49:53 PM se.nackademin.librarytest.pages.PageBase setTextFieldValue
INFO: Setting numberOfPagesField to 400
May 31, 2017 12:49:54 PM se.nackademin.librarytest.pages.PageBase setTextFieldValue
INFO: Setting isbn to 9-575-55555-X
May 31, 2017 12:49:56 PM se.nackademin.librarytest.pages.PageBase setTextFieldValue
INFO: Setting numberInInventoryField to 65
May 31, 2017 12:49:57 PM se.nackademin.librarytest.pages.PageBase setTextFieldValue
INFO: Setting datePublished to 1985-10-15
May 31, 2017 12:49:58 PM se.nackademin.librarytest.pages.PageBase clickButton
INFO: Clicking save changes
May 31, 2017 12:50:02 PM se.nackademin.librarytest.pages.PageBase clickButton
INFO: Clicking browse books
May 31, 2017 12:50:03 PM se.nackademin.librarytest.pages.PageBase setTextFieldValue
INFO: Setting title to 6b67ca0e-239c-4168-aefd-059676898417
May 31, 2017 12:50:05 PM se.nackademin.librarytest.pages.PageBase clickButton
INFO: Clicking search book button
May 31, 2017 12:50:09 PM se.nackademin.librarytest.pages.PageBase getValue
INFO: Return title: 6b67ca0e-239c-4168-aefd-059676898417
May 31, 2017 12:50:10 PM se.nackademin.librarytest.pages.PageBase getValue
INFO: Return author: Robert A. Heinlein
May 31, 2017 12:50:11 PM se.nackademin.librarytest.pages.PageBase getValue
INFO: Return description: 9ec5e90b-f2d5-4cb0-8e6a-0566b84106f0
May 31, 2017 12:50:12 PM se.nackademin.librarytest.pages.PageBase getValue
INFO: Return isbn: 9-575-55555-X
May 31, 2017 12:50:13 PM se.nackademin.librarytest.pages.PageBase getValue
INFO: Return published date: 1985-10-15
May 31, 2017 12:50:14 PM se.nackademin.librarytest.pages.PageBase getValue
INFO: Return copies availible: 65
May 31, 2017 12:50:15 PM se.nackademin.librarytest.pages.PageBase getValue
INFO: Return total copies availible: 65
May 31, 2017 12:50:16 PM se.nackademin.librarytest.pages.PageBase clickButton
INFO: Clicking delete book
May 31, 2017 12:50:18 PM se.nackademin.librarytest.pages.PageBase clickButton
INFO: Clicking yes
May 31, 2017 12:50:19 PM se.nackademin.librarytest.pages.PageBase clickButton
INFO: Clicking browse books
May 31, 2017 12:50:21 PM se.nackademin.librarytest.pages.PageBase setTextFieldValue
INFO: Setting title to 6b67ca0e-239c-4168-aefd-059676898417
May 31, 2017 12:50:23 PM se.nackademin.librarytest.pages.PageBase clickButton
INFO: Clicking search book button
</system-err>
  </testcase>
  <testcase classname="se.nackademin.librarytest.SelenideTest" name="createNewAuthorTest" time="66.964"/>
  <testcase classname="se.nackademin.librarytest.SelenideTest" name="createNewUserTest" time="56.922"/>
</testsuite>